<?xml version="1.0" encoding="UTF-8" ?>
<testsuites name="vitest tests" tests="19" failures="0" errors="0" time="0.024365208">
    <testsuite name="tests/AnimationController.test.ts" timestamp="2025-12-31T03:25:55.431Z" hostname="Otsira.local" tests="11" failures="0" errors="0" skipped="0" time="0.007881">
        <testcase classname="tests/AnimationController.test.ts" name="AnimationController &gt; should initialize correctly" time="0.001295541">
        </testcase>
        <testcase classname="tests/AnimationController.test.ts" name="AnimationController &gt; should initialize with config and play default state" time="0.001553125">
            <system-out>
[Anim] Transition to: idle (Loop: true)

            </system-out>
        </testcase>
        <testcase classname="tests/AnimationController.test.ts" name="AnimationController &gt; should play requested state if exists" time="0.000213792">
            <system-out>
[Anim] Transition to: idle (Loop: true)
[Anim] Transition to: wave (Loop: false)

            </system-out>
        </testcase>
        <testcase classname="tests/AnimationController.test.ts" name="AnimationController &gt; should handle missing state gracefully" time="0.000306667">
            <system-out>
[Anim] Transition to: idle (Loop: undefined)

            </system-out>
            <system-err>
[AnimationController] State &quot;non-existent&quot; not defined.

            </system-err>
        </testcase>
        <testcase classname="tests/AnimationController.test.ts" name="AnimationController &gt; should update mixer" time="0.000598417">
            <system-out>
[Anim] Transition to: idle (Loop: undefined)

            </system-out>
        </testcase>
        <testcase classname="tests/AnimationController.test.ts" name="AnimationController &gt; should cross-fade when switching states" time="0.000194167">
            <system-out>
[Anim] Transition to: idle (Loop: true)
[Anim] Transition to: run (Loop: true)

            </system-out>
        </testcase>
        <testcase classname="tests/AnimationController.test.ts" name="AnimationController &gt; should auto-transition on finish" time="0.00029925">
            <system-out>
[Anim] Transition to: idle (Loop: true)
[Anim] Transition to: wave (Loop: false)
[Anim] Transition to: idle (Loop: true)

            </system-out>
        </testcase>
        <testcase classname="tests/AnimationController.test.ts" name="AnimationController &gt; should warn if clip not found in config" time="0.000763291">
            <system-err>
[AnimationController] Clip &quot;MissingClip&quot; for state &quot;idle&quot; not found.

            </system-err>
        </testcase>
        <testcase classname="tests/AnimationController.test.ts" name="AnimationController &gt; should reset action if playing same state with forceReset" time="0.000199917">
            <system-out>
[Anim] Transition to: idle (Loop: undefined)
[Anim] Transition to: idle (Loop: undefined)

            </system-out>
        </testcase>
        <testcase classname="tests/AnimationController.test.ts" name="AnimationController &gt; should fallback to default state on finish if no next state defined" time="0.000186667">
            <system-out>
[Anim] Transition to: idle (Loop: true)
[Anim] Transition to: oneshot (Loop: false)
[Anim] Transition to: idle (Loop: true)

            </system-out>
        </testcase>
        <testcase classname="tests/AnimationController.test.ts" name="AnimationController &gt; should wait for holdDuration before transitioning" time="0.001437375">
            <system-out>
[Anim] Transition to: idle (Loop: true)
[Anim] Transition to: death (Loop: false)
[Anim] Transition to: idle (Loop: true)

            </system-out>
        </testcase>
    </testsuite>
    <testsuite name="tests/FlowEngine.test.ts" timestamp="2025-12-31T03:25:55.433Z" hostname="Otsira.local" tests="8" failures="0" errors="0" skipped="0" time="0.016484208">
        <testcase classname="tests/FlowEngine.test.ts" name="FlowEngine &gt; should initialize correctly" time="0.007810917">
        </testcase>
        <testcase classname="tests/FlowEngine.test.ts" name="FlowEngine &gt; should find head bone in avatar model" time="0.001559292">
            <system-out>
[Flow] Avatar &quot;LookAtAvatar&quot; loaded successfully.

            </system-out>
        </testcase>
        <testcase classname="tests/FlowEngine.test.ts" name="FlowEngine &gt; should update lookAtTarget on pointer down" time="0.001155333">
            <system-out>
[Flow] New LookAt Target: Vector3 { x: [33m1[39m, y: [33m2[39m, z: [33m3[39m }

            </system-out>
        </testcase>
        <testcase classname="tests/FlowEngine.test.ts" name="FlowEngine &gt; should apply smooth rotation to head bone in animate" time="0.001269">
            <system-out>
[Flow] Avatar &quot;LookAtAvatar&quot; loaded successfully.

            </system-out>
        </testcase>
        <testcase classname="tests/FlowEngine.test.ts" name="FlowEngine &gt; should handle window resize" time="0.001373792">
        </testcase>
        <testcase classname="tests/FlowEngine.test.ts" name="FlowEngine &gt; should load stage and initialize stage animator" time="0.0007555">
            <system-out>
[Flow] Stage &quot;TestStage&quot; loaded successfully.

            </system-out>
        </testcase>
        <testcase classname="tests/FlowEngine.test.ts" name="FlowEngine &gt; should fallback to case-insensitive head bone lookup" time="0.000875791">
            <system-out>
[Flow] Avatar &quot;LowercaseAvatar&quot; loaded successfully.

            </system-out>
        </testcase>
        <testcase classname="tests/FlowEngine.test.ts" name="FlowEngine &gt; should remove old avatar before loading new one" time="0.000803291">
            <system-out>
[Flow] Avatar &quot;Test Avatar&quot; loaded successfully.

[Flow] Avatar &quot;Test Avatar&quot; loaded successfully.

            </system-out>
        </testcase>
    </testsuite>
</testsuites>
