<?xml version="1.0" encoding="UTF-8" ?>
<testsuites name="vitest tests" tests="23" failures="0" errors="0" time="0.0277345">
    <testsuite name="tests/AnimationController.test.ts" timestamp="2025-12-31T07:11:35.930Z" hostname="Otsira.local" tests="11" failures="0" errors="0" skipped="0" time="0.008321625">
        <testcase classname="tests/AnimationController.test.ts" name="AnimationController &gt; should initialize correctly" time="0.001458">
        </testcase>
        <testcase classname="tests/AnimationController.test.ts" name="AnimationController &gt; should initialize with config and play default state" time="0.00168375">
            <system-out>
[Anim] Transition to: idle (Loop: true)

            </system-out>
        </testcase>
        <testcase classname="tests/AnimationController.test.ts" name="AnimationController &gt; should play requested state if exists" time="0.000224833">
            <system-out>
[Anim] Transition to: idle (Loop: true)
[Anim] Transition to: wave (Loop: false)

            </system-out>
        </testcase>
        <testcase classname="tests/AnimationController.test.ts" name="AnimationController &gt; should handle missing state gracefully" time="0.000328375">
            <system-out>
[Anim] Transition to: idle (Loop: undefined)

            </system-out>
            <system-err>
[AnimationController] State &quot;non-existent&quot; not defined.

            </system-err>
        </testcase>
        <testcase classname="tests/AnimationController.test.ts" name="AnimationController &gt; should update mixer" time="0.000595">
            <system-out>
[Anim] Transition to: idle (Loop: undefined)

            </system-out>
        </testcase>
        <testcase classname="tests/AnimationController.test.ts" name="AnimationController &gt; should cross-fade when switching states" time="0.000184959">
            <system-out>
[Anim] Transition to: idle (Loop: true)
[Anim] Transition to: run (Loop: true)

            </system-out>
        </testcase>
        <testcase classname="tests/AnimationController.test.ts" name="AnimationController &gt; should auto-transition on finish" time="0.000301209">
            <system-out>
[Anim] Transition to: idle (Loop: true)
[Anim] Transition to: wave (Loop: false)
[Anim] Transition to: idle (Loop: true)

            </system-out>
        </testcase>
        <testcase classname="tests/AnimationController.test.ts" name="AnimationController &gt; should warn if clip not found in config" time="0.000773625">
            <system-err>
[AnimationController] Clip &quot;MissingClip&quot; for state &quot;idle&quot; not found.

            </system-err>
        </testcase>
        <testcase classname="tests/AnimationController.test.ts" name="AnimationController &gt; should reset action if playing same state with forceReset" time="0.000186667">
            <system-out>
[Anim] Transition to: idle (Loop: undefined)
[Anim] Transition to: idle (Loop: undefined)

            </system-out>
        </testcase>
        <testcase classname="tests/AnimationController.test.ts" name="AnimationController &gt; should fallback to default state on finish if no next state defined" time="0.000193208">
            <system-out>
[Anim] Transition to: idle (Loop: true)
[Anim] Transition to: oneshot (Loop: false)
[Anim] Transition to: idle (Loop: true)

            </system-out>
        </testcase>
        <testcase classname="tests/AnimationController.test.ts" name="AnimationController &gt; should wait for holdDuration before transitioning" time="0.00148025">
            <system-out>
[Anim] Transition to: idle (Loop: true)
[Anim] Transition to: death (Loop: false)
[Anim] Transition to: idle (Loop: true)

            </system-out>
        </testcase>
    </testsuite>
    <testsuite name="tests/FlowEngine.test.ts" timestamp="2025-12-31T07:11:35.933Z" hostname="Otsira.local" tests="12" failures="0" errors="0" skipped="0" time="0.019412875">
        <testcase classname="tests/FlowEngine.test.ts" name="FlowEngine &gt; should initialize correctly" time="0.006389459">
        </testcase>
        <testcase classname="tests/FlowEngine.test.ts" name="FlowEngine &gt; should find head bone in avatar model" time="0.001497167">
            <system-out>
[Flow] Avatar &quot;LookAtAvatar&quot; loaded successfully.

            </system-out>
        </testcase>
        <testcase classname="tests/FlowEngine.test.ts" name="FlowEngine &gt; should update lookAtTarget on pointer down" time="0.001308834">
            <system-out>
[Flow] Hit Focal Plane (Z=2) at Vector3 { x: [33m1[39m, y: [33m2[39m, z: [33m3[39m }

            </system-out>
        </testcase>
        <testcase classname="tests/FlowEngine.test.ts" name="FlowEngine &gt; should transition through all LookAt states: LOOKING -&gt; HOLDING -&gt; RETURNING -&gt; IDLE" time="0.002746958">
            <system-out>
[Flow] Avatar &quot;StateAvatar&quot; loaded successfully.

[Flow] Hit Focal Plane (Z=2) at Vector3 { x: [33m1[39m, y: [33m2[39m, z: [33m3[39m }

            </system-out>
        </testcase>
        <testcase classname="tests/FlowEngine.test.ts" name="FlowEngine &gt; should apply rotationOffset from config" time="0.001795541">
            <system-out>
[Flow] Avatar &quot;OffsetAvatar&quot; loaded successfully.

            </system-out>
        </testcase>
        <testcase classname="tests/FlowEngine.test.ts" name="FlowEngine &gt; should NOT look at target if lookAt is disabled in config" time="0.000918209">
            <system-out>
[Flow] Avatar &quot;DisabledAvatar&quot; loaded successfully.

            </system-out>
        </testcase>
        <testcase classname="tests/FlowEngine.test.ts" name="FlowEngine &gt; should handle head bone lookup fallback to neck" time="0.000697375">
            <system-out>
[Flow] Avatar &quot;NeckAvatar&quot; loaded successfully.

            </system-out>
        </testcase>
        <testcase classname="tests/FlowEngine.test.ts" name="FlowEngine &gt; should handle window resize" time="0.000837791">
        </testcase>
        <testcase classname="tests/FlowEngine.test.ts" name="FlowEngine &gt; should load stage and initialize stage animator" time="0.000748667">
            <system-out>
[Flow] Stage &quot;TestStage&quot; loaded successfully.

            </system-out>
        </testcase>
        <testcase classname="tests/FlowEngine.test.ts" name="FlowEngine &gt; should fallback to case-insensitive head bone lookup" time="0.000494334">
            <system-out>
[Flow] Avatar &quot;LowercaseAvatar&quot; loaded successfully.

            </system-out>
        </testcase>
        <testcase classname="tests/FlowEngine.test.ts" name="FlowEngine &gt; should remove old avatar before loading new one" time="0.000531083">
            <system-out>
[Flow] Avatar &quot;Test Avatar&quot; loaded successfully.

[Flow] Avatar &quot;Test Avatar&quot; loaded successfully.

            </system-out>
        </testcase>
        <testcase classname="tests/FlowEngine.test.ts" name="FlowEngine &gt; should reset LookAt state when playAction is called" time="0.000434666">
            <system-out>
[FlowEngine] Playing action: wave

            </system-out>
        </testcase>
    </testsuite>
</testsuites>
