{"/Users/guoquan/Desktop/50-REPOS/flow/src/core/AnimationController.ts": {"path":"/Users/guoquan/Desktop/50-REPOS/flow/src/core/AnimationController.ts","statementMap":{"0":{"start":{"line":7,"column":57},"end":{"line":7,"column":null}},"1":{"start":{"line":8,"column":62},"end":{"line":8,"column":null}},"2":{"start":{"line":9,"column":40},"end":{"line":9,"column":null}},"3":{"start":{"line":10,"column":33},"end":{"line":10,"column":null}},"4":{"start":{"line":13,"column":4},"end":{"line":13,"column":null}},"5":{"start":{"line":14,"column":4},"end":{"line":14,"column":null}},"6":{"start":{"line":17,"column":4},"end":{"line":17,"column":null}},"7":{"start":{"line":24,"column":4},"end":{"line":24,"column":null}},"8":{"start":{"line":25,"column":4},"end":{"line":25,"column":null}},"9":{"start":{"line":28,"column":4},"end":{"line":33,"column":null}},"10":{"start":{"line":29,"column":19},"end":{"line":29,"column":null}},"11":{"start":{"line":30,"column":6},"end":{"line":32,"column":null}},"12":{"start":{"line":31,"column":8},"end":{"line":31,"column":null}},"13":{"start":{"line":36,"column":4},"end":{"line":36,"column":null}},"14":{"start":{"line":43,"column":4},"end":{"line":43,"column":null}},"15":{"start":{"line":50,"column":19},"end":{"line":50,"column":null}},"16":{"start":{"line":51,"column":4},"end":{"line":54,"column":null}},"17":{"start":{"line":52,"column":6},"end":{"line":52,"column":null}},"18":{"start":{"line":53,"column":6},"end":{"line":53,"column":null}},"19":{"start":{"line":56,"column":17},"end":{"line":56,"column":null}},"20":{"start":{"line":57,"column":4},"end":{"line":57,"column":null}},"21":{"start":{"line":57,"column":15},"end":{"line":57,"column":null}},"22":{"start":{"line":60,"column":4},"end":{"line":60,"column":null}},"23":{"start":{"line":60,"column":56},"end":{"line":60,"column":null}},"24":{"start":{"line":63,"column":22},"end":{"line":63,"column":null}},"25":{"start":{"line":64,"column":4},"end":{"line":64,"column":null}},"26":{"start":{"line":65,"column":4},"end":{"line":65,"column":null}},"27":{"start":{"line":66,"column":4},"end":{"line":66,"column":null}},"28":{"start":{"line":69,"column":25},"end":{"line":69,"column":null}},"29":{"start":{"line":71,"column":4},"end":{"line":83,"column":null}},"30":{"start":{"line":72,"column":25},"end":{"line":72,"column":null}},"31":{"start":{"line":73,"column":6},"end":{"line":80,"column":null}},"32":{"start":{"line":74,"column":8},"end":{"line":74,"column":null}},"33":{"start":{"line":75,"column":8},"end":{"line":75,"column":null}},"34":{"start":{"line":76,"column":8},"end":{"line":76,"column":null}},"35":{"start":{"line":77,"column":8},"end":{"line":77,"column":null}},"36":{"start":{"line":79,"column":8},"end":{"line":79,"column":null}},"37":{"start":{"line":82,"column":6},"end":{"line":82,"column":null}},"38":{"start":{"line":86,"column":4},"end":{"line":86,"column":null}},"39":{"start":{"line":87,"column":4},"end":{"line":87,"column":null}},"40":{"start":{"line":89,"column":4},"end":{"line":89,"column":null}},"41":{"start":{"line":94,"column":4},"end":{"line":110,"column":null}},"42":{"start":{"line":95,"column":21},"end":{"line":95,"column":null}},"43":{"start":{"line":97,"column":25},"end":{"line":103,"column":null}},"44":{"start":{"line":98,"column":8},"end":{"line":102,"column":null}},"45":{"start":{"line":99,"column":10},"end":{"line":99,"column":null}},"46":{"start":{"line":100,"column":8},"end":{"line":102,"column":null}},"47":{"start":{"line":101,"column":11},"end":{"line":101,"column":null}},"48":{"start":{"line":105,"column":6},"end":{"line":109,"column":null}},"49":{"start":{"line":106,"column":8},"end":{"line":106,"column":null}},"50":{"start":{"line":108,"column":8},"end":{"line":108,"column":null}},"51":{"start":{"line":118,"column":15},"end":{"line":118,"column":null}},"52":{"start":{"line":118,"column":36},"end":{"line":118,"column":51}},"53":{"start":{"line":120,"column":4},"end":{"line":120,"column":null}},"54":{"start":{"line":120,"column":15},"end":{"line":120,"column":null}},"55":{"start":{"line":120,"column":43},"end":{"line":120,"column":86}},"56":{"start":{"line":122,"column":4},"end":{"line":122,"column":null}},"57":{"start":{"line":122,"column":15},"end":{"line":122,"column":null}},"58":{"start":{"line":122,"column":43},"end":{"line":122,"column":92}},"59":{"start":{"line":124,"column":4},"end":{"line":124,"column":null}}},"fnMap":{"0":{"name":"(anonymous_0)","decl":{"start":{"line":12,"column":2},"end":{"line":12,"column":14}},"loc":{"start":{"line":12,"column":72},"end":{"line":18,"column":null}},"line":12},"1":{"name":"(anonymous_1)","decl":{"start":{"line":23,"column":9},"end":{"line":23,"column":14}},"loc":{"start":{"line":23,"column":94},"end":{"line":37,"column":null}},"line":23},"2":{"name":"(anonymous_2)","decl":{"start":{"line":28,"column":40},"end":{"line":28,"column":41}},"loc":{"start":{"line":28,"column":64},"end":{"line":33,"column":5}},"line":28},"3":{"name":"(anonymous_3)","decl":{"start":{"line":42,"column":9},"end":{"line":42,"column":16}},"loc":{"start":{"line":42,"column":31},"end":{"line":44,"column":null}},"line":42},"4":{"name":"(anonymous_4)","decl":{"start":{"line":49,"column":9},"end":{"line":49,"column":14}},"loc":{"start":{"line":49,"column":62},"end":{"line":90,"column":null}},"line":49},"5":{"name":"(anonymous_5)","decl":{"start":{"line":92,"column":10},"end":{"line":92,"column":21}},"loc":{"start":{"line":92,"column":29},"end":{"line":111,"column":null}},"line":92},"6":{"name":"(anonymous_6)","decl":{"start":{"line":97,"column":25},"end":{"line":97,"column":31}},"loc":{"start":{"line":97,"column":31},"end":{"line":103,"column":null}},"line":97},"7":{"name":"(anonymous_7)","decl":{"start":{"line":116,"column":10},"end":{"line":116,"column":19}},"loc":{"start":{"line":116,"column":66},"end":{"line":125,"column":null}},"line":116},"8":{"name":"(anonymous_8)","decl":{"start":{"line":118,"column":31},"end":{"line":118,"column":36}},"loc":{"start":{"line":118,"column":36},"end":{"line":118,"column":51}},"line":118},"9":{"name":"(anonymous_9)","decl":{"start":{"line":120,"column":38},"end":{"line":120,"column":43}},"loc":{"start":{"line":120,"column":43},"end":{"line":120,"column":86}},"line":120},"10":{"name":"(anonymous_10)","decl":{"start":{"line":122,"column":38},"end":{"line":122,"column":43}},"loc":{"start":{"line":122,"column":43},"end":{"line":122,"column":92}},"line":122}},"branchMap":{"0":{"loc":{"start":{"line":30,"column":6},"end":{"line":32,"column":null}},"type":"if","locations":[{"start":{"line":30,"column":6},"end":{"line":32,"column":null}},{"start":{},"end":{}}],"line":30},"1":{"loc":{"start":{"line":49,"column":33},"end":{"line":49,"column":62}},"type":"default-arg","locations":[{"start":{"line":49,"column":55},"end":{"line":49,"column":62}}],"line":49},"2":{"loc":{"start":{"line":51,"column":4},"end":{"line":54,"column":null}},"type":"if","locations":[{"start":{"line":51,"column":4},"end":{"line":54,"column":null}},{"start":{},"end":{}}],"line":51},"3":{"loc":{"start":{"line":57,"column":4},"end":{"line":57,"column":null}},"type":"if","locations":[{"start":{"line":57,"column":4},"end":{"line":57,"column":null}},{"start":{},"end":{}}],"line":57},"4":{"loc":{"start":{"line":60,"column":4},"end":{"line":60,"column":null}},"type":"if","locations":[{"start":{"line":60,"column":4},"end":{"line":60,"column":null}},{"start":{},"end":{}}],"line":60},"5":{"loc":{"start":{"line":60,"column":8},"end":{"line":60,"column":56}},"type":"binary-expr","locations":[{"start":{"line":60,"column":8},"end":{"line":60,"column":43}},{"start":{"line":60,"column":43},"end":{"line":60,"column":56}}],"line":60},"6":{"loc":{"start":{"line":64,"column":22},"end":{"line":64,"column":71}},"type":"cond-expr","locations":[{"start":{"line":64,"column":36},"end":{"line":64,"column":55}},{"start":{"line":64,"column":55},"end":{"line":64,"column":71}}],"line":64},"7":{"loc":{"start":{"line":64,"column":71},"end":{"line":64,"column":97}},"type":"cond-expr","locations":[{"start":{"line":64,"column":85},"end":{"line":64,"column":96}},{"start":{"line":64,"column":96},"end":{"line":64,"column":97}}],"line":64},"8":{"loc":{"start":{"line":66,"column":26},"end":{"line":66,"column":null}},"type":"binary-expr","locations":[{"start":{"line":66,"column":26},"end":{"line":66,"column":46}},{"start":{"line":66,"column":46},"end":{"line":66,"column":null}}],"line":66},"9":{"loc":{"start":{"line":69,"column":25},"end":{"line":69,"column":null}},"type":"binary-expr","locations":[{"start":{"line":69,"column":25},"end":{"line":69,"column":48}},{"start":{"line":69,"column":48},"end":{"line":69,"column":null}}],"line":69},"10":{"loc":{"start":{"line":71,"column":4},"end":{"line":83,"column":null}},"type":"if","locations":[{"start":{"line":71,"column":4},"end":{"line":83,"column":null}},{"start":{"line":81,"column":11},"end":{"line":83,"column":null}}],"line":71},"11":{"loc":{"start":{"line":73,"column":6},"end":{"line":80,"column":null}},"type":"if","locations":[{"start":{"line":73,"column":6},"end":{"line":80,"column":null}},{"start":{"line":78,"column":13},"end":{"line":80,"column":null}}],"line":73},"12":{"loc":{"start":{"line":73,"column":10},"end":{"line":73,"column":50}},"type":"binary-expr","locations":[{"start":{"line":73,"column":10},"end":{"line":73,"column":24}},{"start":{"line":73,"column":24},"end":{"line":73,"column":50}}],"line":73},"13":{"loc":{"start":{"line":94,"column":4},"end":{"line":110,"column":null}},"type":"if","locations":[{"start":{"line":94,"column":4},"end":{"line":110,"column":null}},{"start":{},"end":{}}],"line":94},"14":{"loc":{"start":{"line":94,"column":8},"end":{"line":94,"column":85}},"type":"binary-expr","locations":[{"start":{"line":94,"column":8},"end":{"line":94,"column":29}},{"start":{"line":94,"column":29},"end":{"line":94,"column":85}}],"line":94},"15":{"loc":{"start":{"line":98,"column":8},"end":{"line":102,"column":null}},"type":"if","locations":[{"start":{"line":98,"column":8},"end":{"line":102,"column":null}},{"start":{"line":100,"column":8},"end":{"line":102,"column":null}}],"line":98},"16":{"loc":{"start":{"line":98,"column":12},"end":{"line":98,"column":35}},"type":"binary-expr","locations":[{"start":{"line":98,"column":12},"end":{"line":98,"column":22}},{"start":{"line":98,"column":22},"end":{"line":98,"column":35}}],"line":98},"17":{"loc":{"start":{"line":100,"column":8},"end":{"line":102,"column":null}},"type":"if","locations":[{"start":{"line":100,"column":8},"end":{"line":102,"column":null}},{"start":{},"end":{}}],"line":100},"18":{"loc":{"start":{"line":100,"column":19},"end":{"line":100,"column":76}},"type":"binary-expr","locations":[{"start":{"line":100,"column":19},"end":{"line":100,"column":35}},{"start":{"line":100,"column":35},"end":{"line":100,"column":76}}],"line":100},"19":{"loc":{"start":{"line":105,"column":6},"end":{"line":109,"column":null}},"type":"if","locations":[{"start":{"line":105,"column":6},"end":{"line":109,"column":null}},{"start":{"line":107,"column":13},"end":{"line":109,"column":null}}],"line":105},"20":{"loc":{"start":{"line":105,"column":10},"end":{"line":105,"column":58}},"type":"binary-expr","locations":[{"start":{"line":105,"column":10},"end":{"line":105,"column":33}},{"start":{"line":105,"column":33},"end":{"line":105,"column":58}}],"line":105},"21":{"loc":{"start":{"line":120,"column":4},"end":{"line":120,"column":null}},"type":"if","locations":[{"start":{"line":120,"column":4},"end":{"line":120,"column":null}},{"start":{},"end":{}}],"line":120},"22":{"loc":{"start":{"line":122,"column":4},"end":{"line":122,"column":null}},"type":"if","locations":[{"start":{"line":122,"column":4},"end":{"line":122,"column":null}},{"start":{},"end":{}}],"line":122}},"s":{"0":12,"1":12,"2":12,"3":12,"4":12,"5":12,"6":12,"7":10,"8":10,"9":10,"10":16,"11":16,"12":1,"13":10,"14":1,"15":21,"16":21,"17":1,"18":1,"19":20,"20":20,"21":1,"22":19,"23":1,"24":18,"25":18,"26":21,"27":21,"28":21,"29":21,"30":9,"31":9,"32":0,"33":0,"34":0,"35":0,"36":9,"37":9,"38":18,"39":18,"40":18,"41":3,"42":3,"43":3,"44":3,"45":2,"46":1,"47":1,"48":3,"49":1,"50":2,"51":36,"52":51,"53":36,"54":2,"55":4,"56":36,"57":2,"58":4,"59":36},"f":{"0":12,"1":10,"2":16,"3":1,"4":21,"5":3,"6":3,"7":36,"8":51,"9":4,"10":4},"b":{"0":[1,15],"1":[21],"2":[1,20],"3":[1,19],"4":[1,18],"5":[19,2],"6":[10,8],"7":[10,8],"8":[21,18],"9":[21,18],"10":[9,9],"11":[0,9],"12":[9,9],"13":[3,0],"14":[3,3],"15":[2,1],"16":[3,3],"17":[1,0],"18":[1,1],"19":[1,2],"20":[3,1],"21":[2,34],"22":[2,34]},"meta":{"lastBranch":23,"lastFunction":11,"lastStatement":60,"seen":{"s:7:57:7:Infinity":0,"s:8:62:8:Infinity":1,"s:9:40:9:Infinity":2,"s:10:33:10:Infinity":3,"f:12:2:12:14":0,"s:13:4:13:Infinity":4,"s:14:4:14:Infinity":5,"s:17:4:17:Infinity":6,"f:23:9:23:14":1,"s:24:4:24:Infinity":7,"s:25:4:25:Infinity":8,"s:28:4:33:Infinity":9,"f:28:40:28:41":2,"s:29:19:29:Infinity":10,"b:30:6:32:Infinity:undefined:undefined:undefined:undefined":0,"s:30:6:32:Infinity":11,"s:31:8:31:Infinity":12,"s:36:4:36:Infinity":13,"f:42:9:42:16":3,"s:43:4:43:Infinity":14,"f:49:9:49:14":4,"b:49:55:49:62":1,"s:50:19:50:Infinity":15,"b:51:4:54:Infinity:undefined:undefined:undefined:undefined":2,"s:51:4:54:Infinity":16,"s:52:6:52:Infinity":17,"s:53:6:53:Infinity":18,"s:56:17:56:Infinity":19,"b:57:4:57:Infinity:undefined:undefined:undefined:undefined":3,"s:57:4:57:Infinity":20,"s:57:15:57:Infinity":21,"b:60:4:60:Infinity:undefined:undefined:undefined:undefined":4,"s:60:4:60:Infinity":22,"b:60:8:60:43:60:43:60:56":5,"s:60:56:60:Infinity":23,"s:63:22:63:Infinity":24,"s:64:4:64:Infinity":25,"b:64:36:64:55:64:55:64:71":6,"b:64:85:64:96:64:96:64:97":7,"s:65:4:65:Infinity":26,"s:66:4:66:Infinity":27,"b:66:26:66:46:66:46:66:Infinity":8,"s:69:25:69:Infinity":28,"b:69:25:69:48:69:48:69:Infinity":9,"b:71:4:83:Infinity:81:11:83:Infinity":10,"s:71:4:83:Infinity":29,"s:72:25:72:Infinity":30,"b:73:6:80:Infinity:78:13:80:Infinity":11,"s:73:6:80:Infinity":31,"b:73:10:73:24:73:24:73:50":12,"s:74:8:74:Infinity":32,"s:75:8:75:Infinity":33,"s:76:8:76:Infinity":34,"s:77:8:77:Infinity":35,"s:79:8:79:Infinity":36,"s:82:6:82:Infinity":37,"s:86:4:86:Infinity":38,"s:87:4:87:Infinity":39,"s:89:4:89:Infinity":40,"f:92:10:92:21":5,"b:94:4:110:Infinity:undefined:undefined:undefined:undefined":13,"s:94:4:110:Infinity":41,"b:94:8:94:29:94:29:94:85":14,"s:95:21:95:Infinity":42,"s:97:25:103:Infinity":43,"f:97:25:97:31":6,"b:98:8:102:Infinity:100:8:102:Infinity":15,"s:98:8:102:Infinity":44,"b:98:12:98:22:98:22:98:35":16,"s:99:10:99:Infinity":45,"b:100:8:102:Infinity:undefined:undefined:undefined:undefined":17,"s:100:8:102:Infinity":46,"b:100:19:100:35:100:35:100:76":18,"s:101:11:101:Infinity":47,"b:105:6:109:Infinity:107:13:109:Infinity":19,"s:105:6:109:Infinity":48,"b:105:10:105:33:105:33:105:58":20,"s:106:8:106:Infinity":49,"s:108:8:108:Infinity":50,"f:116:10:116:19":7,"s:118:15:118:Infinity":51,"f:118:31:118:36":8,"s:118:36:118:51":52,"b:120:4:120:Infinity:undefined:undefined:undefined:undefined":21,"s:120:4:120:Infinity":53,"s:120:15:120:Infinity":54,"f:120:38:120:43":9,"s:120:43:120:86":55,"b:122:4:122:Infinity:undefined:undefined:undefined:undefined":22,"s:122:4:122:Infinity":56,"s:122:15:122:Infinity":57,"f:122:38:122:43":10,"s:122:43:122:92":58,"s:124:4:124:Infinity":59}}}
,"/Users/guoquan/Desktop/50-REPOS/flow/src/core/FlowEngine.ts": {"path":"/Users/guoquan/Desktop/50-REPOS/flow/src/core/FlowEngine.ts","statementMap":{"0":{"start":{"line":10,"column":25},"end":{"line":10,"column":null}},"1":{"start":{"line":11,"column":29},"end":{"line":11,"column":null}},"2":{"start":{"line":23,"column":47},"end":{"line":23,"column":null}},"3":{"start":{"line":24,"column":46},"end":{"line":24,"column":null}},"4":{"start":{"line":25,"column":44},"end":{"line":25,"column":null}},"5":{"start":{"line":27,"column":55},"end":{"line":27,"column":null}},"6":{"start":{"line":28,"column":60},"end":{"line":28,"column":null}},"7":{"start":{"line":31,"column":22},"end":{"line":31,"column":null}},"8":{"start":{"line":32,"column":18},"end":{"line":32,"column":null}},"9":{"start":{"line":33,"column":25},"end":{"line":33,"column":null}},"10":{"start":{"line":34,"column":26},"end":{"line":34,"column":null}},"11":{"start":{"line":190,"column":24},"end":{"line":190,"column":null}},"12":{"start":{"line":37,"column":22},"end":{"line":37,"column":null}},"13":{"start":{"line":38,"column":4},"end":{"line":38,"column":null}},"14":{"start":{"line":38,"column":20},"end":{"line":38,"column":null}},"15":{"start":{"line":39,"column":4},"end":{"line":39,"column":null}},"16":{"start":{"line":42,"column":4},"end":{"line":42,"column":null}},"17":{"start":{"line":43,"column":4},"end":{"line":43,"column":null}},"18":{"start":{"line":44,"column":4},"end":{"line":44,"column":null}},"19":{"start":{"line":47,"column":4},"end":{"line":47,"column":null}},"20":{"start":{"line":48,"column":4},"end":{"line":48,"column":null}},"21":{"start":{"line":49,"column":4},"end":{"line":49,"column":null}},"22":{"start":{"line":52,"column":4},"end":{"line":57,"column":null}},"23":{"start":{"line":58,"column":4},"end":{"line":58,"column":null}},"24":{"start":{"line":61,"column":4},"end":{"line":61,"column":null}},"25":{"start":{"line":62,"column":4},"end":{"line":62,"column":null}},"26":{"start":{"line":63,"column":4},"end":{"line":63,"column":null}},"27":{"start":{"line":64,"column":4},"end":{"line":64,"column":null}},"28":{"start":{"line":67,"column":4},"end":{"line":67,"column":null}},"29":{"start":{"line":70,"column":4},"end":{"line":70,"column":null}},"30":{"start":{"line":71,"column":4},"end":{"line":71,"column":null}},"31":{"start":{"line":72,"column":4},"end":{"line":72,"column":null}},"32":{"start":{"line":75,"column":4},"end":{"line":75,"column":null}},"33":{"start":{"line":76,"column":4},"end":{"line":76,"column":null}},"34":{"start":{"line":79,"column":4},"end":{"line":79,"column":null}},"35":{"start":{"line":84,"column":17},"end":{"line":84,"column":null}},"36":{"start":{"line":85,"column":4},"end":{"line":85,"column":null}},"37":{"start":{"line":86,"column":4},"end":{"line":86,"column":null}},"38":{"start":{"line":88,"column":4},"end":{"line":88,"column":null}},"39":{"start":{"line":91,"column":30},"end":{"line":91,"column":null}},"40":{"start":{"line":92,"column":18},"end":{"line":92,"column":null}},"41":{"start":{"line":94,"column":4},"end":{"line":97,"column":null}},"42":{"start":{"line":95,"column":6},"end":{"line":95,"column":null}},"43":{"start":{"line":96,"column":6},"end":{"line":96,"column":null}},"44":{"start":{"line":101,"column":25},"end":{"line":101,"column":null}},"45":{"start":{"line":102,"column":4},"end":{"line":102,"column":null}},"46":{"start":{"line":104,"column":21},"end":{"line":104,"column":null}},"47":{"start":{"line":105,"column":4},"end":{"line":105,"column":null}},"48":{"start":{"line":106,"column":4},"end":{"line":106,"column":null}},"49":{"start":{"line":107,"column":4},"end":{"line":107,"column":null}},"50":{"start":{"line":110,"column":22},"end":{"line":110,"column":null}},"51":{"start":{"line":111,"column":4},"end":{"line":111,"column":null}},"52":{"start":{"line":112,"column":4},"end":{"line":112,"column":null}},"53":{"start":{"line":113,"column":4},"end":{"line":113,"column":null}},"54":{"start":{"line":120,"column":4},"end":{"line":122,"column":null}},"55":{"start":{"line":121,"column":6},"end":{"line":121,"column":null}},"56":{"start":{"line":124,"column":42},"end":{"line":124,"column":null}},"57":{"start":{"line":125,"column":4},"end":{"line":125,"column":null}},"58":{"start":{"line":126,"column":4},"end":{"line":126,"column":null}},"59":{"start":{"line":129,"column":4},"end":{"line":129,"column":null}},"60":{"start":{"line":130,"column":4},"end":{"line":138,"column":null}},"61":{"start":{"line":132,"column":6},"end":{"line":137,"column":null}},"62":{"start":{"line":133,"column":8},"end":{"line":133,"column":null}},"63":{"start":{"line":133,"column":27},"end":{"line":133,"column":null}},"64":{"start":{"line":134,"column":8},"end":{"line":136,"column":null}},"65":{"start":{"line":135,"column":10},"end":{"line":135,"column":null}},"66":{"start":{"line":141,"column":4},"end":{"line":157,"column":null}},"67":{"start":{"line":142,"column":6},"end":{"line":142,"column":null}},"68":{"start":{"line":145,"column":25},"end":{"line":154,"column":null}},"69":{"start":{"line":156,"column":6},"end":{"line":156,"column":null}},"70":{"start":{"line":159,"column":4},"end":{"line":159,"column":null}},"71":{"start":{"line":166,"column":4},"end":{"line":168,"column":null}},"72":{"start":{"line":167,"column":6},"end":{"line":167,"column":null}},"73":{"start":{"line":170,"column":42},"end":{"line":170,"column":null}},"74":{"start":{"line":171,"column":4},"end":{"line":171,"column":null}},"75":{"start":{"line":172,"column":4},"end":{"line":172,"column":null}},"76":{"start":{"line":175,"column":4},"end":{"line":178,"column":null}},"77":{"start":{"line":176,"column":6},"end":{"line":176,"column":null}},"78":{"start":{"line":177,"column":6},"end":{"line":177,"column":null}},"79":{"start":{"line":180,"column":4},"end":{"line":180,"column":null}},"80":{"start":{"line":184,"column":4},"end":{"line":184,"column":null}},"81":{"start":{"line":185,"column":4},"end":{"line":185,"column":null}},"82":{"start":{"line":186,"column":4},"end":{"line":186,"column":null}},"83":{"start":{"line":196,"column":4},"end":{"line":196,"column":null}},"84":{"start":{"line":199,"column":4},"end":{"line":203,"column":null}},"85":{"start":{"line":201,"column":6},"end":{"line":201,"column":null}},"86":{"start":{"line":202,"column":6},"end":{"line":202,"column":null}},"87":{"start":{"line":209,"column":18},"end":{"line":209,"column":null}},"88":{"start":{"line":211,"column":4},"end":{"line":224,"column":null}},"89":{"start":{"line":213,"column":7},"end":{"line":215,"column":null}},"90":{"start":{"line":214,"column":9},"end":{"line":214,"column":null}},"91":{"start":{"line":218,"column":7},"end":{"line":223,"column":null}},"92":{"start":{"line":219,"column":9},"end":{"line":219,"column":null}},"93":{"start":{"line":220,"column":9},"end":{"line":220,"column":null}},"94":{"start":{"line":222,"column":9},"end":{"line":222,"column":null}},"95":{"start":{"line":226,"column":4},"end":{"line":228,"column":null}},"96":{"start":{"line":227,"column":6},"end":{"line":227,"column":null}},"97":{"start":{"line":231,"column":4},"end":{"line":231,"column":null}},"98":{"start":{"line":232,"column":4},"end":{"line":232,"column":null}},"99":{"start":{"line":234,"column":4},"end":{"line":234,"column":null}}},"fnMap":{"0":{"name":"(anonymous_0)","decl":{"start":{"line":36,"column":2},"end":{"line":36,"column":14}},"loc":{"start":{"line":36,"column":35},"end":{"line":80,"column":null}},"line":36},"1":{"name":"(anonymous_1)","decl":{"start":{"line":82,"column":10},"end":{"line":82,"column":24}},"loc":{"start":{"line":82,"column":45},"end":{"line":98,"column":null}},"line":82},"2":{"name":"(anonymous_2)","decl":{"start":{"line":100,"column":10},"end":{"line":100,"column":24}},"loc":{"start":{"line":100,"column":24},"end":{"line":114,"column":null}},"line":100},"3":{"name":"(anonymous_3)","decl":{"start":{"line":119,"column":8},"end":{"line":119,"column":19}},"loc":{"start":{"line":119,"column":38},"end":{"line":160,"column":null}},"line":119},"4":{"name":"(anonymous_4)","decl":{"start":{"line":132,"column":32},"end":{"line":132,"column":41}},"loc":{"start":{"line":132,"column":41},"end":{"line":137,"column":7}},"line":132},"5":{"name":"(anonymous_5)","decl":{"start":{"line":165,"column":8},"end":{"line":165,"column":18}},"loc":{"start":{"line":165,"column":37},"end":{"line":181,"column":null}},"line":165},"6":{"name":"(anonymous_6)","decl":{"start":{"line":183,"column":10},"end":{"line":183,"column":27}},"loc":{"start":{"line":183,"column":27},"end":{"line":187,"column":null}},"line":183},"7":{"name":"(anonymous_7)","decl":{"start":{"line":195,"column":9},"end":{"line":195,"column":20}},"loc":{"start":{"line":195,"column":36},"end":{"line":206,"column":null}},"line":195},"8":{"name":"(anonymous_8)","decl":{"start":{"line":208,"column":10},"end":{"line":208,"column":18}},"loc":{"start":{"line":208,"column":35},"end":{"line":235,"column":null}},"line":208}},"branchMap":{"0":{"loc":{"start":{"line":38,"column":4},"end":{"line":38,"column":null}},"type":"if","locations":[{"start":{"line":38,"column":4},"end":{"line":38,"column":null}},{"start":{},"end":{}}],"line":38},"1":{"loc":{"start":{"line":94,"column":4},"end":{"line":97,"column":null}},"type":"if","locations":[{"start":{"line":94,"column":4},"end":{"line":97,"column":null}},{"start":{},"end":{}}],"line":94},"2":{"loc":{"start":{"line":120,"column":4},"end":{"line":122,"column":null}},"type":"if","locations":[{"start":{"line":120,"column":4},"end":{"line":122,"column":null}},{"start":{},"end":{}}],"line":120},"3":{"loc":{"start":{"line":129,"column":20},"end":{"line":129,"column":null}},"type":"binary-expr","locations":[{"start":{"line":129,"column":20},"end":{"line":129,"column":64}},{"start":{"line":129,"column":64},"end":{"line":129,"column":null}}],"line":129},"4":{"loc":{"start":{"line":130,"column":4},"end":{"line":138,"column":null}},"type":"if","locations":[{"start":{"line":130,"column":4},"end":{"line":138,"column":null}},{"start":{},"end":{}}],"line":130},"5":{"loc":{"start":{"line":133,"column":8},"end":{"line":133,"column":null}},"type":"if","locations":[{"start":{"line":133,"column":8},"end":{"line":133,"column":null}},{"start":{},"end":{}}],"line":133},"6":{"loc":{"start":{"line":134,"column":8},"end":{"line":136,"column":null}},"type":"if","locations":[{"start":{"line":134,"column":8},"end":{"line":136,"column":null}},{"start":{},"end":{}}],"line":134},"7":{"loc":{"start":{"line":141,"column":4},"end":{"line":157,"column":null}},"type":"if","locations":[{"start":{"line":141,"column":4},"end":{"line":157,"column":null}},{"start":{},"end":{}}],"line":141},"8":{"loc":{"start":{"line":145,"column":25},"end":{"line":154,"column":null}},"type":"binary-expr","locations":[{"start":{"line":145,"column":25},"end":{"line":145,"column":46}},{"start":{"line":145,"column":46},"end":{"line":154,"column":null}}],"line":145},"9":{"loc":{"start":{"line":166,"column":4},"end":{"line":168,"column":null}},"type":"if","locations":[{"start":{"line":166,"column":4},"end":{"line":168,"column":null}},{"start":{},"end":{}}],"line":166},"10":{"loc":{"start":{"line":175,"column":4},"end":{"line":178,"column":null}},"type":"if","locations":[{"start":{"line":175,"column":4},"end":{"line":178,"column":null}},{"start":{},"end":{}}],"line":175},"11":{"loc":{"start":{"line":175,"column":8},"end":{"line":175,"column":52}},"type":"binary-expr","locations":[{"start":{"line":175,"column":8},"end":{"line":175,"column":33}},{"start":{"line":175,"column":33},"end":{"line":175,"column":52}}],"line":175},"12":{"loc":{"start":{"line":199,"column":4},"end":{"line":203,"column":null}},"type":"if","locations":[{"start":{"line":199,"column":4},"end":{"line":203,"column":null}},{"start":{},"end":{}}],"line":199},"13":{"loc":{"start":{"line":211,"column":4},"end":{"line":224,"column":null}},"type":"if","locations":[{"start":{"line":211,"column":4},"end":{"line":224,"column":null}},{"start":{},"end":{}}],"line":211},"14":{"loc":{"start":{"line":213,"column":7},"end":{"line":215,"column":null}},"type":"if","locations":[{"start":{"line":213,"column":7},"end":{"line":215,"column":null}},{"start":{},"end":{}}],"line":213},"15":{"loc":{"start":{"line":218,"column":7},"end":{"line":223,"column":null}},"type":"if","locations":[{"start":{"line":218,"column":7},"end":{"line":223,"column":null}},{"start":{},"end":{}}],"line":218},"16":{"loc":{"start":{"line":226,"column":4},"end":{"line":228,"column":null}},"type":"if","locations":[{"start":{"line":226,"column":4},"end":{"line":228,"column":null}},{"start":{},"end":{}}],"line":226},"17":{"loc":{"start":{"line":226,"column":8},"end":{"line":226,"column":53}},"type":"binary-expr","locations":[{"start":{"line":226,"column":8},"end":{"line":226,"column":27}},{"start":{"line":226,"column":27},"end":{"line":226,"column":53}}],"line":226}},"s":{"0":1,"1":1,"2":8,"3":8,"4":8,"5":8,"6":8,"7":8,"8":8,"9":8,"10":8,"11":8,"12":8,"13":8,"14":0,"15":8,"16":8,"17":8,"18":8,"19":8,"20":8,"21":8,"22":8,"23":8,"24":8,"25":8,"26":8,"27":8,"28":8,"29":8,"30":8,"31":8,"32":8,"33":8,"34":8,"35":1,"36":1,"37":1,"38":1,"39":1,"40":1,"41":1,"42":1,"43":1,"44":8,"45":8,"46":8,"47":8,"48":8,"49":8,"50":8,"51":8,"52":8,"53":8,"54":5,"55":1,"56":5,"57":5,"58":5,"59":5,"60":5,"61":3,"62":4,"63":0,"64":4,"65":1,"66":5,"67":0,"68":0,"69":0,"70":5,"71":1,"72":0,"73":1,"74":1,"75":1,"76":1,"77":1,"78":1,"79":1,"80":5,"81":5,"82":5,"83":0,"84":0,"85":0,"86":0,"87":1,"88":1,"89":1,"90":0,"91":1,"92":1,"93":1,"94":1,"95":1,"96":0,"97":1,"98":1,"99":1},"f":{"0":8,"1":1,"2":8,"3":5,"4":4,"5":1,"6":5,"7":0,"8":1},"b":{"0":[0,8],"1":[1,0],"2":[1,4],"3":[5,3],"4":[3,2],"5":[0,4],"6":[1,3],"7":[0,5],"8":[0,0],"9":[0,1],"10":[1,0],"11":[1,1],"12":[0,0],"13":[1,0],"14":[0,1],"15":[1,0],"16":[0,1],"17":[1,0]},"meta":{"lastBranch":18,"lastFunction":9,"lastStatement":100,"seen":{"s:10:25:10:Infinity":0,"s:11:29:11:Infinity":1,"s:23:47:23:Infinity":2,"s:24:46:24:Infinity":3,"s:25:44:25:Infinity":4,"s:27:55:27:Infinity":5,"s:28:60:28:Infinity":6,"s:31:22:31:Infinity":7,"s:32:18:32:Infinity":8,"s:33:25:33:Infinity":9,"s:34:26:34:Infinity":10,"s:190:24:190:Infinity":11,"f:36:2:36:14":0,"s:37:22:37:Infinity":12,"b:38:4:38:Infinity:undefined:undefined:undefined:undefined":0,"s:38:4:38:Infinity":13,"s:38:20:38:Infinity":14,"s:39:4:39:Infinity":15,"s:42:4:42:Infinity":16,"s:43:4:43:Infinity":17,"s:44:4:44:Infinity":18,"s:47:4:47:Infinity":19,"s:48:4:48:Infinity":20,"s:49:4:49:Infinity":21,"s:52:4:57:Infinity":22,"s:58:4:58:Infinity":23,"s:61:4:61:Infinity":24,"s:62:4:62:Infinity":25,"s:63:4:63:Infinity":26,"s:64:4:64:Infinity":27,"s:67:4:67:Infinity":28,"s:70:4:70:Infinity":29,"s:71:4:71:Infinity":30,"s:72:4:72:Infinity":31,"s:75:4:75:Infinity":32,"s:76:4:76:Infinity":33,"s:79:4:79:Infinity":34,"f:82:10:82:24":1,"s:84:17:84:Infinity":35,"s:85:4:85:Infinity":36,"s:86:4:86:Infinity":37,"s:88:4:88:Infinity":38,"s:91:30:91:Infinity":39,"s:92:18:92:Infinity":40,"b:94:4:97:Infinity:undefined:undefined:undefined:undefined":1,"s:94:4:97:Infinity":41,"s:95:6:95:Infinity":42,"s:96:6:96:Infinity":43,"f:100:10:100:24":2,"s:101:25:101:Infinity":44,"s:102:4:102:Infinity":45,"s:104:21:104:Infinity":46,"s:105:4:105:Infinity":47,"s:106:4:106:Infinity":48,"s:107:4:107:Infinity":49,"s:110:22:110:Infinity":50,"s:111:4:111:Infinity":51,"s:112:4:112:Infinity":52,"s:113:4:113:Infinity":53,"f:119:8:119:19":3,"b:120:4:122:Infinity:undefined:undefined:undefined:undefined":2,"s:120:4:122:Infinity":54,"s:121:6:121:Infinity":55,"s:124:42:124:Infinity":56,"s:125:4:125:Infinity":57,"s:126:4:126:Infinity":58,"s:129:4:129:Infinity":59,"b:129:20:129:64:129:64:129:Infinity":3,"b:130:4:138:Infinity:undefined:undefined:undefined:undefined":4,"s:130:4:138:Infinity":60,"s:132:6:137:Infinity":61,"f:132:32:132:41":4,"b:133:8:133:Infinity:undefined:undefined:undefined:undefined":5,"s:133:8:133:Infinity":62,"s:133:27:133:Infinity":63,"b:134:8:136:Infinity:undefined:undefined:undefined:undefined":6,"s:134:8:136:Infinity":64,"s:135:10:135:Infinity":65,"b:141:4:157:Infinity:undefined:undefined:undefined:undefined":7,"s:141:4:157:Infinity":66,"s:142:6:142:Infinity":67,"s:145:25:154:Infinity":68,"b:145:25:145:46:145:46:154:Infinity":8,"s:156:6:156:Infinity":69,"s:159:4:159:Infinity":70,"f:165:8:165:18":5,"b:166:4:168:Infinity:undefined:undefined:undefined:undefined":9,"s:166:4:168:Infinity":71,"s:167:6:167:Infinity":72,"s:170:42:170:Infinity":73,"s:171:4:171:Infinity":74,"s:172:4:172:Infinity":75,"b:175:4:178:Infinity:undefined:undefined:undefined:undefined":10,"s:175:4:178:Infinity":76,"b:175:8:175:33:175:33:175:52":11,"s:176:6:176:Infinity":77,"s:177:6:177:Infinity":78,"s:180:4:180:Infinity":79,"f:183:10:183:27":6,"s:184:4:184:Infinity":80,"s:185:4:185:Infinity":81,"s:186:4:186:Infinity":82,"f:195:9:195:20":7,"s:196:4:196:Infinity":83,"b:199:4:203:Infinity:undefined:undefined:undefined:undefined":12,"s:199:4:203:Infinity":84,"s:201:6:201:Infinity":85,"s:202:6:202:Infinity":86,"f:208:10:208:18":8,"s:209:18:209:Infinity":87,"b:211:4:224:Infinity:undefined:undefined:undefined:undefined":13,"s:211:4:224:Infinity":88,"b:213:7:215:Infinity:undefined:undefined:undefined:undefined":14,"s:213:7:215:Infinity":89,"s:214:9:214:Infinity":90,"b:218:7:223:Infinity:undefined:undefined:undefined:undefined":15,"s:218:7:223:Infinity":91,"s:219:9:219:Infinity":92,"s:220:9:220:Infinity":93,"s:222:9:222:Infinity":94,"b:226:4:228:Infinity:undefined:undefined:undefined:undefined":16,"s:226:4:228:Infinity":95,"b:226:8:226:27:226:27:226:53":17,"s:227:6:227:Infinity":96,"s:231:4:231:Infinity":97,"s:232:4:232:Infinity":98,"s:234:4:234:Infinity":99}}}
}
