{"/Users/guoquan/Desktop/50-REPOS/flow/src/core/AnimationController.ts": {"path":"/Users/guoquan/Desktop/50-REPOS/flow/src/core/AnimationController.ts","statementMap":{"0":{"start":{"line":7,"column":57},"end":{"line":7,"column":null}},"1":{"start":{"line":8,"column":62},"end":{"line":8,"column":null}},"2":{"start":{"line":9,"column":40},"end":{"line":9,"column":null}},"3":{"start":{"line":10,"column":33},"end":{"line":10,"column":null}},"4":{"start":{"line":13,"column":4},"end":{"line":13,"column":null}},"5":{"start":{"line":14,"column":4},"end":{"line":14,"column":null}},"6":{"start":{"line":17,"column":4},"end":{"line":17,"column":null}},"7":{"start":{"line":24,"column":4},"end":{"line":24,"column":null}},"8":{"start":{"line":25,"column":4},"end":{"line":25,"column":null}},"9":{"start":{"line":28,"column":4},"end":{"line":33,"column":null}},"10":{"start":{"line":29,"column":19},"end":{"line":29,"column":null}},"11":{"start":{"line":30,"column":6},"end":{"line":32,"column":null}},"12":{"start":{"line":31,"column":8},"end":{"line":31,"column":null}},"13":{"start":{"line":36,"column":4},"end":{"line":36,"column":null}},"14":{"start":{"line":43,"column":4},"end":{"line":43,"column":null}},"15":{"start":{"line":50,"column":19},"end":{"line":50,"column":null}},"16":{"start":{"line":51,"column":4},"end":{"line":54,"column":null}},"17":{"start":{"line":52,"column":6},"end":{"line":52,"column":null}},"18":{"start":{"line":53,"column":6},"end":{"line":53,"column":null}},"19":{"start":{"line":56,"column":17},"end":{"line":56,"column":null}},"20":{"start":{"line":57,"column":4},"end":{"line":57,"column":null}},"21":{"start":{"line":57,"column":15},"end":{"line":57,"column":null}},"22":{"start":{"line":60,"column":4},"end":{"line":60,"column":null}},"23":{"start":{"line":60,"column":56},"end":{"line":60,"column":null}},"24":{"start":{"line":63,"column":22},"end":{"line":63,"column":null}},"25":{"start":{"line":64,"column":4},"end":{"line":64,"column":null}},"26":{"start":{"line":65,"column":4},"end":{"line":65,"column":null}},"27":{"start":{"line":66,"column":4},"end":{"line":66,"column":null}},"28":{"start":{"line":69,"column":25},"end":{"line":69,"column":null}},"29":{"start":{"line":71,"column":4},"end":{"line":83,"column":null}},"30":{"start":{"line":72,"column":25},"end":{"line":72,"column":null}},"31":{"start":{"line":73,"column":6},"end":{"line":80,"column":null}},"32":{"start":{"line":74,"column":8},"end":{"line":74,"column":null}},"33":{"start":{"line":75,"column":8},"end":{"line":75,"column":null}},"34":{"start":{"line":76,"column":8},"end":{"line":76,"column":null}},"35":{"start":{"line":77,"column":8},"end":{"line":77,"column":null}},"36":{"start":{"line":79,"column":8},"end":{"line":79,"column":null}},"37":{"start":{"line":82,"column":6},"end":{"line":82,"column":null}},"38":{"start":{"line":86,"column":4},"end":{"line":86,"column":null}},"39":{"start":{"line":87,"column":4},"end":{"line":87,"column":null}},"40":{"start":{"line":89,"column":4},"end":{"line":89,"column":null}},"41":{"start":{"line":94,"column":4},"end":{"line":110,"column":null}},"42":{"start":{"line":95,"column":21},"end":{"line":95,"column":null}},"43":{"start":{"line":97,"column":25},"end":{"line":103,"column":null}},"44":{"start":{"line":98,"column":8},"end":{"line":102,"column":null}},"45":{"start":{"line":99,"column":10},"end":{"line":99,"column":null}},"46":{"start":{"line":100,"column":8},"end":{"line":102,"column":null}},"47":{"start":{"line":101,"column":11},"end":{"line":101,"column":null}},"48":{"start":{"line":105,"column":6},"end":{"line":109,"column":null}},"49":{"start":{"line":106,"column":8},"end":{"line":106,"column":null}},"50":{"start":{"line":108,"column":8},"end":{"line":108,"column":null}},"51":{"start":{"line":115,"column":15},"end":{"line":115,"column":null}},"52":{"start":{"line":115,"column":36},"end":{"line":115,"column":51}},"53":{"start":{"line":117,"column":4},"end":{"line":117,"column":null}},"54":{"start":{"line":117,"column":15},"end":{"line":117,"column":null}},"55":{"start":{"line":117,"column":43},"end":{"line":117,"column":86}},"56":{"start":{"line":119,"column":4},"end":{"line":119,"column":null}},"57":{"start":{"line":119,"column":15},"end":{"line":119,"column":null}},"58":{"start":{"line":119,"column":43},"end":{"line":119,"column":92}},"59":{"start":{"line":121,"column":4},"end":{"line":121,"column":null}}},"fnMap":{"0":{"name":"(anonymous_0)","decl":{"start":{"line":12,"column":2},"end":{"line":12,"column":14}},"loc":{"start":{"line":12,"column":72},"end":{"line":18,"column":null}},"line":12},"1":{"name":"(anonymous_1)","decl":{"start":{"line":23,"column":9},"end":{"line":23,"column":14}},"loc":{"start":{"line":23,"column":94},"end":{"line":37,"column":null}},"line":23},"2":{"name":"(anonymous_2)","decl":{"start":{"line":28,"column":40},"end":{"line":28,"column":41}},"loc":{"start":{"line":28,"column":64},"end":{"line":33,"column":5}},"line":28},"3":{"name":"(anonymous_3)","decl":{"start":{"line":42,"column":9},"end":{"line":42,"column":16}},"loc":{"start":{"line":42,"column":31},"end":{"line":44,"column":null}},"line":42},"4":{"name":"(anonymous_4)","decl":{"start":{"line":49,"column":9},"end":{"line":49,"column":14}},"loc":{"start":{"line":49,"column":62},"end":{"line":90,"column":null}},"line":49},"5":{"name":"(anonymous_5)","decl":{"start":{"line":92,"column":10},"end":{"line":92,"column":21}},"loc":{"start":{"line":92,"column":29},"end":{"line":111,"column":null}},"line":92},"6":{"name":"(anonymous_6)","decl":{"start":{"line":97,"column":25},"end":{"line":97,"column":31}},"loc":{"start":{"line":97,"column":31},"end":{"line":103,"column":null}},"line":97},"7":{"name":"(anonymous_7)","decl":{"start":{"line":113,"column":10},"end":{"line":113,"column":19}},"loc":{"start":{"line":113,"column":66},"end":{"line":122,"column":null}},"line":113},"8":{"name":"(anonymous_8)","decl":{"start":{"line":115,"column":31},"end":{"line":115,"column":36}},"loc":{"start":{"line":115,"column":36},"end":{"line":115,"column":51}},"line":115},"9":{"name":"(anonymous_9)","decl":{"start":{"line":117,"column":38},"end":{"line":117,"column":43}},"loc":{"start":{"line":117,"column":43},"end":{"line":117,"column":86}},"line":117},"10":{"name":"(anonymous_10)","decl":{"start":{"line":119,"column":38},"end":{"line":119,"column":43}},"loc":{"start":{"line":119,"column":43},"end":{"line":119,"column":92}},"line":119}},"branchMap":{"0":{"loc":{"start":{"line":30,"column":6},"end":{"line":32,"column":null}},"type":"if","locations":[{"start":{"line":30,"column":6},"end":{"line":32,"column":null}},{"start":{},"end":{}}],"line":30},"1":{"loc":{"start":{"line":49,"column":33},"end":{"line":49,"column":62}},"type":"default-arg","locations":[{"start":{"line":49,"column":55},"end":{"line":49,"column":62}}],"line":49},"2":{"loc":{"start":{"line":51,"column":4},"end":{"line":54,"column":null}},"type":"if","locations":[{"start":{"line":51,"column":4},"end":{"line":54,"column":null}},{"start":{},"end":{}}],"line":51},"3":{"loc":{"start":{"line":57,"column":4},"end":{"line":57,"column":null}},"type":"if","locations":[{"start":{"line":57,"column":4},"end":{"line":57,"column":null}},{"start":{},"end":{}}],"line":57},"4":{"loc":{"start":{"line":60,"column":4},"end":{"line":60,"column":null}},"type":"if","locations":[{"start":{"line":60,"column":4},"end":{"line":60,"column":null}},{"start":{},"end":{}}],"line":60},"5":{"loc":{"start":{"line":60,"column":8},"end":{"line":60,"column":56}},"type":"binary-expr","locations":[{"start":{"line":60,"column":8},"end":{"line":60,"column":43}},{"start":{"line":60,"column":43},"end":{"line":60,"column":56}}],"line":60},"6":{"loc":{"start":{"line":64,"column":22},"end":{"line":64,"column":71}},"type":"cond-expr","locations":[{"start":{"line":64,"column":36},"end":{"line":64,"column":55}},{"start":{"line":64,"column":55},"end":{"line":64,"column":71}}],"line":64},"7":{"loc":{"start":{"line":64,"column":71},"end":{"line":64,"column":97}},"type":"cond-expr","locations":[{"start":{"line":64,"column":85},"end":{"line":64,"column":96}},{"start":{"line":64,"column":96},"end":{"line":64,"column":97}}],"line":64},"8":{"loc":{"start":{"line":66,"column":26},"end":{"line":66,"column":null}},"type":"binary-expr","locations":[{"start":{"line":66,"column":26},"end":{"line":66,"column":46}},{"start":{"line":66,"column":46},"end":{"line":66,"column":null}}],"line":66},"9":{"loc":{"start":{"line":69,"column":25},"end":{"line":69,"column":null}},"type":"binary-expr","locations":[{"start":{"line":69,"column":25},"end":{"line":69,"column":48}},{"start":{"line":69,"column":48},"end":{"line":69,"column":null}}],"line":69},"10":{"loc":{"start":{"line":71,"column":4},"end":{"line":83,"column":null}},"type":"if","locations":[{"start":{"line":71,"column":4},"end":{"line":83,"column":null}},{"start":{"line":81,"column":11},"end":{"line":83,"column":null}}],"line":71},"11":{"loc":{"start":{"line":73,"column":6},"end":{"line":80,"column":null}},"type":"if","locations":[{"start":{"line":73,"column":6},"end":{"line":80,"column":null}},{"start":{"line":78,"column":13},"end":{"line":80,"column":null}}],"line":73},"12":{"loc":{"start":{"line":73,"column":10},"end":{"line":73,"column":50}},"type":"binary-expr","locations":[{"start":{"line":73,"column":10},"end":{"line":73,"column":24}},{"start":{"line":73,"column":24},"end":{"line":73,"column":50}}],"line":73},"13":{"loc":{"start":{"line":94,"column":4},"end":{"line":110,"column":null}},"type":"if","locations":[{"start":{"line":94,"column":4},"end":{"line":110,"column":null}},{"start":{},"end":{}}],"line":94},"14":{"loc":{"start":{"line":94,"column":8},"end":{"line":94,"column":85}},"type":"binary-expr","locations":[{"start":{"line":94,"column":8},"end":{"line":94,"column":29}},{"start":{"line":94,"column":29},"end":{"line":94,"column":85}}],"line":94},"15":{"loc":{"start":{"line":98,"column":8},"end":{"line":102,"column":null}},"type":"if","locations":[{"start":{"line":98,"column":8},"end":{"line":102,"column":null}},{"start":{"line":100,"column":8},"end":{"line":102,"column":null}}],"line":98},"16":{"loc":{"start":{"line":98,"column":12},"end":{"line":98,"column":35}},"type":"binary-expr","locations":[{"start":{"line":98,"column":12},"end":{"line":98,"column":22}},{"start":{"line":98,"column":22},"end":{"line":98,"column":35}}],"line":98},"17":{"loc":{"start":{"line":100,"column":8},"end":{"line":102,"column":null}},"type":"if","locations":[{"start":{"line":100,"column":8},"end":{"line":102,"column":null}},{"start":{},"end":{}}],"line":100},"18":{"loc":{"start":{"line":100,"column":19},"end":{"line":100,"column":76}},"type":"binary-expr","locations":[{"start":{"line":100,"column":19},"end":{"line":100,"column":35}},{"start":{"line":100,"column":35},"end":{"line":100,"column":76}}],"line":100},"19":{"loc":{"start":{"line":105,"column":6},"end":{"line":109,"column":null}},"type":"if","locations":[{"start":{"line":105,"column":6},"end":{"line":109,"column":null}},{"start":{"line":107,"column":13},"end":{"line":109,"column":null}}],"line":105},"20":{"loc":{"start":{"line":105,"column":10},"end":{"line":105,"column":58}},"type":"binary-expr","locations":[{"start":{"line":105,"column":10},"end":{"line":105,"column":33}},{"start":{"line":105,"column":33},"end":{"line":105,"column":58}}],"line":105},"21":{"loc":{"start":{"line":117,"column":4},"end":{"line":117,"column":null}},"type":"if","locations":[{"start":{"line":117,"column":4},"end":{"line":117,"column":null}},{"start":{},"end":{}}],"line":117},"22":{"loc":{"start":{"line":119,"column":4},"end":{"line":119,"column":null}},"type":"if","locations":[{"start":{"line":119,"column":4},"end":{"line":119,"column":null}},{"start":{},"end":{}}],"line":119}},"s":{"0":12,"1":12,"2":12,"3":12,"4":12,"5":12,"6":12,"7":10,"8":10,"9":10,"10":16,"11":16,"12":1,"13":10,"14":1,"15":21,"16":21,"17":1,"18":1,"19":20,"20":20,"21":1,"22":19,"23":1,"24":18,"25":18,"26":21,"27":21,"28":21,"29":21,"30":9,"31":9,"32":0,"33":0,"34":0,"35":0,"36":9,"37":9,"38":18,"39":18,"40":18,"41":3,"42":3,"43":3,"44":3,"45":2,"46":1,"47":1,"48":3,"49":1,"50":2,"51":36,"52":51,"53":36,"54":2,"55":4,"56":36,"57":2,"58":4,"59":36},"f":{"0":12,"1":10,"2":16,"3":1,"4":21,"5":3,"6":3,"7":36,"8":51,"9":4,"10":4},"b":{"0":[1,15],"1":[21],"2":[1,20],"3":[1,19],"4":[1,18],"5":[19,2],"6":[10,8],"7":[10,8],"8":[21,18],"9":[21,18],"10":[9,9],"11":[0,9],"12":[9,9],"13":[3,0],"14":[3,3],"15":[2,1],"16":[3,3],"17":[1,0],"18":[1,1],"19":[1,2],"20":[3,1],"21":[2,34],"22":[2,34]},"meta":{"lastBranch":23,"lastFunction":11,"lastStatement":60,"seen":{"s:7:57:7:Infinity":0,"s:8:62:8:Infinity":1,"s:9:40:9:Infinity":2,"s:10:33:10:Infinity":3,"f:12:2:12:14":0,"s:13:4:13:Infinity":4,"s:14:4:14:Infinity":5,"s:17:4:17:Infinity":6,"f:23:9:23:14":1,"s:24:4:24:Infinity":7,"s:25:4:25:Infinity":8,"s:28:4:33:Infinity":9,"f:28:40:28:41":2,"s:29:19:29:Infinity":10,"b:30:6:32:Infinity:undefined:undefined:undefined:undefined":0,"s:30:6:32:Infinity":11,"s:31:8:31:Infinity":12,"s:36:4:36:Infinity":13,"f:42:9:42:16":3,"s:43:4:43:Infinity":14,"f:49:9:49:14":4,"b:49:55:49:62":1,"s:50:19:50:Infinity":15,"b:51:4:54:Infinity:undefined:undefined:undefined:undefined":2,"s:51:4:54:Infinity":16,"s:52:6:52:Infinity":17,"s:53:6:53:Infinity":18,"s:56:17:56:Infinity":19,"b:57:4:57:Infinity:undefined:undefined:undefined:undefined":3,"s:57:4:57:Infinity":20,"s:57:15:57:Infinity":21,"b:60:4:60:Infinity:undefined:undefined:undefined:undefined":4,"s:60:4:60:Infinity":22,"b:60:8:60:43:60:43:60:56":5,"s:60:56:60:Infinity":23,"s:63:22:63:Infinity":24,"s:64:4:64:Infinity":25,"b:64:36:64:55:64:55:64:71":6,"b:64:85:64:96:64:96:64:97":7,"s:65:4:65:Infinity":26,"s:66:4:66:Infinity":27,"b:66:26:66:46:66:46:66:Infinity":8,"s:69:25:69:Infinity":28,"b:69:25:69:48:69:48:69:Infinity":9,"b:71:4:83:Infinity:81:11:83:Infinity":10,"s:71:4:83:Infinity":29,"s:72:25:72:Infinity":30,"b:73:6:80:Infinity:78:13:80:Infinity":11,"s:73:6:80:Infinity":31,"b:73:10:73:24:73:24:73:50":12,"s:74:8:74:Infinity":32,"s:75:8:75:Infinity":33,"s:76:8:76:Infinity":34,"s:77:8:77:Infinity":35,"s:79:8:79:Infinity":36,"s:82:6:82:Infinity":37,"s:86:4:86:Infinity":38,"s:87:4:87:Infinity":39,"s:89:4:89:Infinity":40,"f:92:10:92:21":5,"b:94:4:110:Infinity:undefined:undefined:undefined:undefined":13,"s:94:4:110:Infinity":41,"b:94:8:94:29:94:29:94:85":14,"s:95:21:95:Infinity":42,"s:97:25:103:Infinity":43,"f:97:25:97:31":6,"b:98:8:102:Infinity:100:8:102:Infinity":15,"s:98:8:102:Infinity":44,"b:98:12:98:22:98:22:98:35":16,"s:99:10:99:Infinity":45,"b:100:8:102:Infinity:undefined:undefined:undefined:undefined":17,"s:100:8:102:Infinity":46,"b:100:19:100:35:100:35:100:76":18,"s:101:11:101:Infinity":47,"b:105:6:109:Infinity:107:13:109:Infinity":19,"s:105:6:109:Infinity":48,"b:105:10:105:33:105:33:105:58":20,"s:106:8:106:Infinity":49,"s:108:8:108:Infinity":50,"f:113:10:113:19":7,"s:115:15:115:Infinity":51,"f:115:31:115:36":8,"s:115:36:115:51":52,"b:117:4:117:Infinity:undefined:undefined:undefined:undefined":21,"s:117:4:117:Infinity":53,"s:117:15:117:Infinity":54,"f:117:38:117:43":9,"s:117:43:117:86":55,"b:119:4:119:Infinity:undefined:undefined:undefined:undefined":22,"s:119:4:119:Infinity":56,"s:119:15:119:Infinity":57,"f:119:38:119:43":10,"s:119:43:119:92":58,"s:121:4:121:Infinity":59}}}
}
