TN:
SF:src/core/AnimationController.ts
FN:12,(anonymous_0)
FN:23,(anonymous_1)
FN:28,(anonymous_2)
FN:42,(anonymous_3)
FN:49,(anonymous_4)
FN:92,(anonymous_5)
FN:97,(anonymous_6)
FN:116,(anonymous_7)
FN:118,(anonymous_8)
FN:120,(anonymous_9)
FN:122,(anonymous_10)
FNF:11
FNH:11
FNDA:12,(anonymous_0)
FNDA:10,(anonymous_1)
FNDA:16,(anonymous_2)
FNDA:1,(anonymous_3)
FNDA:21,(anonymous_4)
FNDA:3,(anonymous_5)
FNDA:3,(anonymous_6)
FNDA:36,(anonymous_7)
FNDA:51,(anonymous_8)
FNDA:4,(anonymous_9)
FNDA:4,(anonymous_10)
DA:7,12
DA:8,12
DA:9,12
DA:10,12
DA:13,12
DA:14,12
DA:17,12
DA:24,10
DA:25,10
DA:28,10
DA:29,16
DA:30,16
DA:31,1
DA:36,10
DA:43,1
DA:50,21
DA:51,21
DA:52,1
DA:53,1
DA:56,20
DA:57,20
DA:60,19
DA:63,18
DA:64,18
DA:65,21
DA:66,21
DA:69,21
DA:71,21
DA:72,9
DA:73,9
DA:74,0
DA:75,0
DA:76,0
DA:77,0
DA:79,9
DA:82,9
DA:86,18
DA:87,18
DA:89,18
DA:94,3
DA:95,3
DA:97,3
DA:98,3
DA:99,2
DA:100,1
DA:101,1
DA:105,3
DA:106,1
DA:108,2
DA:118,51
DA:120,36
DA:122,36
DA:124,36
LF:53
LH:49
BRDA:30,0,0,1
BRDA:30,0,1,15
BRDA:49,1,0,21
BRDA:51,2,0,1
BRDA:51,2,1,20
BRDA:57,3,0,1
BRDA:57,3,1,19
BRDA:60,4,0,1
BRDA:60,4,1,18
BRDA:60,5,0,19
BRDA:60,5,1,2
BRDA:64,6,0,10
BRDA:64,6,1,8
BRDA:64,7,0,10
BRDA:64,7,1,8
BRDA:66,8,0,21
BRDA:66,8,1,18
BRDA:69,9,0,21
BRDA:69,9,1,18
BRDA:71,10,0,9
BRDA:71,10,1,9
BRDA:73,11,0,0
BRDA:73,11,1,9
BRDA:73,12,0,9
BRDA:73,12,1,9
BRDA:94,13,0,3
BRDA:94,13,1,0
BRDA:94,14,0,3
BRDA:94,14,1,3
BRDA:98,15,0,2
BRDA:98,15,1,1
BRDA:98,16,0,3
BRDA:98,16,1,3
BRDA:100,17,0,1
BRDA:100,17,1,0
BRDA:100,18,0,1
BRDA:100,18,1,1
BRDA:105,19,0,1
BRDA:105,19,1,2
BRDA:105,20,0,3
BRDA:105,20,1,1
BRDA:120,21,0,2
BRDA:120,21,1,34
BRDA:122,22,0,2
BRDA:122,22,1,34
BRF:45
BRH:42
end_of_record
TN:
SF:src/core/FlowEngine.ts
FN:36,(anonymous_0)
FN:82,(anonymous_1)
FN:100,(anonymous_2)
FN:119,(anonymous_3)
FN:132,(anonymous_4)
FN:165,(anonymous_5)
FN:183,(anonymous_6)
FN:195,(anonymous_7)
FN:208,(anonymous_8)
FNF:9
FNH:8
FNDA:8,(anonymous_0)
FNDA:1,(anonymous_1)
FNDA:8,(anonymous_2)
FNDA:5,(anonymous_3)
FNDA:4,(anonymous_4)
FNDA:1,(anonymous_5)
FNDA:5,(anonymous_6)
FNDA:0,(anonymous_7)
FNDA:1,(anonymous_8)
DA:10,1
DA:11,1
DA:23,8
DA:24,8
DA:25,8
DA:27,8
DA:28,8
DA:31,8
DA:32,8
DA:33,8
DA:34,8
DA:37,8
DA:38,8
DA:39,8
DA:42,8
DA:43,8
DA:44,8
DA:47,8
DA:48,8
DA:49,8
DA:52,8
DA:58,8
DA:61,8
DA:62,8
DA:63,8
DA:64,8
DA:67,8
DA:70,8
DA:71,8
DA:72,8
DA:75,8
DA:76,8
DA:79,8
DA:84,1
DA:85,1
DA:86,1
DA:88,1
DA:91,1
DA:92,1
DA:94,1
DA:95,1
DA:96,1
DA:101,8
DA:102,8
DA:104,8
DA:105,8
DA:106,8
DA:107,8
DA:110,8
DA:111,8
DA:112,8
DA:113,8
DA:120,5
DA:121,1
DA:124,5
DA:125,5
DA:126,5
DA:129,5
DA:130,5
DA:132,3
DA:133,4
DA:134,4
DA:135,1
DA:141,5
DA:142,0
DA:145,0
DA:156,0
DA:159,5
DA:166,1
DA:167,0
DA:170,1
DA:171,1
DA:172,1
DA:175,1
DA:176,1
DA:177,1
DA:180,1
DA:184,5
DA:185,5
DA:186,5
DA:190,8
DA:196,0
DA:199,0
DA:201,0
DA:202,0
DA:209,1
DA:211,1
DA:213,1
DA:214,0
DA:218,1
DA:219,1
DA:220,1
DA:222,1
DA:226,1
DA:227,0
DA:231,1
DA:232,1
DA:234,1
LF:98
LH:88
BRDA:38,0,0,0
BRDA:38,0,1,8
BRDA:94,1,0,1
BRDA:94,1,1,0
BRDA:120,2,0,1
BRDA:120,2,1,4
BRDA:129,3,0,5
BRDA:129,3,1,3
BRDA:130,4,0,3
BRDA:130,4,1,2
BRDA:133,5,0,0
BRDA:133,5,1,4
BRDA:134,6,0,1
BRDA:134,6,1,3
BRDA:141,7,0,0
BRDA:141,7,1,5
BRDA:145,8,0,0
BRDA:145,8,1,0
BRDA:166,9,0,0
BRDA:166,9,1,1
BRDA:175,10,0,1
BRDA:175,10,1,0
BRDA:175,11,0,1
BRDA:175,11,1,1
BRDA:199,12,0,0
BRDA:199,12,1,0
BRDA:211,13,0,1
BRDA:211,13,1,0
BRDA:213,14,0,0
BRDA:213,14,1,1
BRDA:218,15,0,1
BRDA:218,15,1,0
BRDA:226,16,0,0
BRDA:226,16,1,1
BRDA:226,17,0,1
BRDA:226,17,1,0
BRF:36
BRH:21
end_of_record
